<?xml version='1.0'?>
<ns2:test-suite xmlns:ns2='urn:model.allure.qatools.yandex.ru' start='1669744899952' stop='1669744941860'>
    <name>Bootcamp E2E: Search bar</name>
    <title>Bootcamp E2E: Search bar</title>
    <test-cases>
        <test-case start='1669744899953' status='passed' stop='1669744899955'>
            <name></name>
            <title></title>
            <labels>
                <label name='language' value='javascript'/>
                <label name='framework' value='wdio'/>
                <label name='thread' value='0-0'/>
            </labels>
            <parameters>
                <parameter kind='argument' name='browser' value='chrome-107.0.5304.110'/>
            </parameters>
            <steps/>
            <attachments/>
        </test-case>
        <test-case start='1669744899956' status='passed' stop='1669744900078'>
            <name>Given I am on the main page</name>
            <title>Given I am on the main page</title>
            <labels>
                <label name='language' value='javascript'/>
                <label name='framework' value='wdio'/>
                <label name='thread' value='0-0'/>
            </labels>
            <parameters>
                <parameter kind='argument' name='browser' value='chrome-107.0.5304.110'/>
            </parameters>
            <steps>
                <step start='1669744899958' status='undefined'>
                    <name>POST /session/:sessionId/refresh</name>
                    <title>POST /session/:sessionId/refresh</title>
                    <attachments/>
                    <steps>
                        <step start='1669744899964' status='undefined'>
                            <name>POST /session/:sessionId/element</name>
                            <title>POST /session/:sessionId/element</title>
                            <attachments>
                                <attachment title='Request' source='26624d75-c7cd-4912-b2ff-f1b0b6d490ca-attachment.json' type='application/json' size='65'/>
                            </attachments>
                            <steps>
                                <step start='1669744900050' status='undefined'>
                                    <name>POST /session/:sessionId/url</name>
                                    <title>POST /session/:sessionId/url</title>
                                    <attachments>
                                        <attachment title='Request' source='8852c8b3-45e6-41d2-9e3e-31106e4118dc-attachment.json' type='application/json' size='38'/>
                                    </attachments>
                                    <steps/>
                                </step>
                            </steps>
                        </step>
                    </steps>
                </step>
            </steps>
            <attachments/>
        </test-case>
        <test-case start='1669744900078' status='broken' stop='1669744941857'>
            <name>When I search for a "Windows" in the middle-top search bar</name>
            <title>When I search for a "Windows" in the middle-top search bar</title>
            <labels>
                <label name='language' value='javascript'/>
                <label name='framework' value='wdio'/>
                <label name='thread' value='0-0'/>
            </labels>
            <parameters>
                <parameter kind='argument' name='browser' value='chrome-107.0.5304.110'/>
            </parameters>
            <steps>
                <step start='1669744900079' status='passed' stop='1669744900162'>
                    <name>POST /session/:sessionId/element</name>
                    <title>POST /session/:sessionId/element</title>
                    <attachments>
                        <attachment title='Request' source='062b36fb-4b1e-458a-b334-8a95ddc87a5b-attachment.json' type='application/json' size='60'/>
                    </attachments>
                    <steps/>
                </step>
                <step start='1669744900298' status='passed' stop='1669744940982'>
                    <name>POST /session/:sessionId/element</name>
                    <title>POST /session/:sessionId/element</title>
                    <attachments>
                        <attachment title='Request' source='1b130d2b-817b-4fff-ad7c-ecbad907b3a7-attachment.json' type='application/json' size='65'/>
                    </attachments>
                    <steps/>
                </step>
                <step start='1669744941154' status='passed' stop='1669744941846'>
                    <name>POST /session/:sessionId/element/3e000a03-6127-4cfd-bb9c-6e3c5ff46b8b/clear</name>
                    <title>POST /session/:sessionId/element/3e000a03-6127-4cfd-bb9c-6e3c5ff46b8b/clear</title>
                    <attachments>
                        <attachment title='Response' source='b1349e48-4863-4b22-9a75-61350902dfb2-attachment.json' type='application/json' size='1948'/>
                    </attachments>
                    <steps/>
                </step>
            </steps>
            <attachments>
                <attachment title='Response' source='6bb37e7f-bc81-4fcb-80f5-5cc3e5fff2ff-attachment.json' type='application/json' size='1948'/>
                <attachment title='Response' source='00f76016-ea26-4bb9-bde8-6945cec0e179-attachment.json' type='application/json' size='83'/>
            </attachments>
            <failure>
                <message>Error: element ("//div[@class='dialog-inner']") still not displayed after 10000ms</message>
                <stack-trace>Error: element ("//div[@class='dialog-inner']") still not displayed after 10000ms
                    at /Users/Julian/Desktop/QA/TA-Bootcamp-E2E/node_modules/webdriverio/build/commands/browser/waitUntil.js:66:23
                    at processTicksAndRejections (node:internal/process/task_queues:96:5)
                    at async Element.wrapCommandFn (/Users/Julian/Desktop/QA/TA-Bootcamp-E2E/node_modules/@wdio/utils/build/shim.js:137:29)
                    at async Element.elementErrorHandlerCallbackFn (/Users/Julian/Desktop/QA/TA-Bootcamp-E2E/node_modules/webdriverio/build/middlewares.js:24:32)
                    at async Element.wrapCommandFn (/Users/Julian/Desktop/QA/TA-Bootcamp-E2E/node_modules/@wdio/utils/build/shim.js:137:29)
                    at async Element.wrapCommandFn (/Users/Julian/Desktop/QA/TA-Bootcamp-E2E/node_modules/@wdio/utils/build/shim.js:137:29)
                    at async Element.elementErrorHandlerCallbackFn (/Users/Julian/Desktop/QA/TA-Bootcamp-E2E/node_modules/webdriverio/build/middlewares.js:24:32)
                    at async Element.wrapCommandFn (/Users/Julian/Desktop/QA/TA-Bootcamp-E2E/node_modules/@wdio/utils/build/shim.js:137:29)</stack-trace>
            </failure>
        </test-case>
        <test-case start='1669744941857' status='broken' stop='1669744941858'>
            <name>Then Check that at least one item appears</name>
            <title>Then Check that at least one item appears</title>
            <labels>
                <label name='language' value='javascript'/>
                <label name='framework' value='wdio'/>
                <label name='thread' value='0-0'/>
            </labels>
            <parameters>
                <parameter kind='argument' name='browser' value='chrome-107.0.5304.110'/>
            </parameters>
            <steps/>
            <attachments/>
            <failure>
                <message>Step "Check that at least one item appears" is not defined. You can ignore this error by setting cucumberOpts.ignoreUndefinedDefinitions as true.</message>
                <stack-trace>Step "Check that at least one item appears" is not defined. You can ignore this error by setting cucumberOpts.ignoreUndefinedDefinitions as true.
                	at Feature(/Users/Julian/Desktop/QA/TA-Bootcamp-E2E/features/bootcamp.feature):1:1
                	at Scenario(Search bar):7:3
                	at Step(Check that at least one item appears):9:5
                </stack-trace>
            </failure>
        </test-case>
        <test-case start='1669744941858' status='passed' stop='1669744941859'>
            <name></name>
            <title></title>
            <labels>
                <label name='language' value='javascript'/>
                <label name='framework' value='wdio'/>
                <label name='thread' value='0-0'/>
            </labels>
            <parameters>
                <parameter kind='argument' name='browser' value='chrome-107.0.5304.110'/>
            </parameters>
            <steps/>
            <attachments/>
        </test-case>
    </test-cases>
</ns2:test-suite>