<?xml version='1.0'?>
<ns2:test-suite xmlns:ns2='urn:model.allure.qatools.yandex.ru' start='1669744703839' stop='1669744753176'>
    <name>Bootcamp E2E: Search bar</name>
    <title>Bootcamp E2E: Search bar</title>
    <test-cases>
        <test-case start='1669744703894' status='passed' stop='1669744703899'>
            <name></name>
            <title></title>
            <labels>
                <label name='language' value='javascript'/>
                <label name='framework' value='wdio'/>
                <label name='thread' value='0-0'/>
            </labels>
            <parameters>
                <parameter kind='argument' name='browser' value='chrome-107.0.5304.110'/>
            </parameters>
            <steps/>
            <attachments/>
        </test-case>
        <test-case start='1669744703900' status='passed' stop='1669744703973'>
            <name>Given I am on the main page</name>
            <title>Given I am on the main page</title>
            <labels>
                <label name='language' value='javascript'/>
                <label name='framework' value='wdio'/>
                <label name='thread' value='0-0'/>
            </labels>
            <parameters>
                <parameter kind='argument' name='browser' value='chrome-107.0.5304.110'/>
            </parameters>
            <steps>
                <step start='1669744703909' status='undefined'>
                    <name>POST /session/:sessionId/refresh</name>
                    <title>POST /session/:sessionId/refresh</title>
                    <attachments/>
                    <steps>
                        <step start='1669744703924' status='undefined'>
                            <name>POST /session/:sessionId/element</name>
                            <title>POST /session/:sessionId/element</title>
                            <attachments>
                                <attachment title='Request' source='8a2752c5-c47d-459d-89c2-92824b548915-attachment.json' type='application/json' size='65'/>
                            </attachments>
                            <steps>
                                <step start='1669744703950' status='undefined'>
                                    <name>POST /session/:sessionId/url</name>
                                    <title>POST /session/:sessionId/url</title>
                                    <attachments>
                                        <attachment title='Request' source='91985460-f9c3-49a4-9526-5daea5ab7bef-attachment.json' type='application/json' size='38'/>
                                    </attachments>
                                    <steps/>
                                </step>
                            </steps>
                        </step>
                    </steps>
                </step>
            </steps>
            <attachments/>
        </test-case>
        <test-case start='1669744703974' status='broken' stop='1669744753173'>
            <name>When I search for a "Windows" in the middle-top search bar</name>
            <title>When I search for a "Windows" in the middle-top search bar</title>
            <labels>
                <label name='language' value='javascript'/>
                <label name='framework' value='wdio'/>
                <label name='thread' value='0-0'/>
            </labels>
            <parameters>
                <parameter kind='argument' name='browser' value='chrome-107.0.5304.110'/>
            </parameters>
            <steps>
                <step start='1669744703976' status='passed' stop='1669744704126'>
                    <name>POST /session/:sessionId/element</name>
                    <title>POST /session/:sessionId/element</title>
                    <attachments>
                        <attachment title='Request' source='e7cd1884-f54a-4cd1-89c2-8d4b446e237a-attachment.json' type='application/json' size='60'/>
                    </attachments>
                    <steps/>
                </step>
                <step start='1669744704456' status='passed' stop='1669744752300'>
                    <name>POST /session/:sessionId/element</name>
                    <title>POST /session/:sessionId/element</title>
                    <attachments>
                        <attachment title='Request' source='172f11ef-c091-4820-96a5-9e056b020dd5-attachment.json' type='application/json' size='65'/>
                    </attachments>
                    <steps/>
                </step>
                <step start='1669744752464' status='passed' stop='1669744753163'>
                    <name>POST /session/:sessionId/element/010801ca-75cf-48f7-9a6b-a7a1ea104662/clear</name>
                    <title>POST /session/:sessionId/element/010801ca-75cf-48f7-9a6b-a7a1ea104662/clear</title>
                    <attachments>
                        <attachment title='Response' source='5f6e171f-b2c6-4aee-b3ff-8ac7f47a7c9a-attachment.json' type='application/json' size='1948'/>
                    </attachments>
                    <steps/>
                </step>
            </steps>
            <attachments>
                <attachment title='Response' source='183a057f-f633-4893-bc91-093e85f62504-attachment.json' type='application/json' size='1948'/>
                <attachment title='Response' source='84d21373-235c-4f6f-b9c8-622283b1e09f-attachment.json' type='application/json' size='83'/>
            </attachments>
            <failure>
                <message>Error: element ("//div[@class='dialog-inner']") still not displayed after 10000ms</message>
                <stack-trace>Error: element ("//div[@class='dialog-inner']") still not displayed after 10000ms
                    at /Users/Julian/Desktop/QA/TA-Bootcamp-E2E/node_modules/webdriverio/build/commands/browser/waitUntil.js:66:23
                    at processTicksAndRejections (node:internal/process/task_queues:96:5)
                    at async Element.wrapCommandFn (/Users/Julian/Desktop/QA/TA-Bootcamp-E2E/node_modules/@wdio/utils/build/shim.js:137:29)
                    at async Element.elementErrorHandlerCallbackFn (/Users/Julian/Desktop/QA/TA-Bootcamp-E2E/node_modules/webdriverio/build/middlewares.js:24:32)
                    at async Element.wrapCommandFn (/Users/Julian/Desktop/QA/TA-Bootcamp-E2E/node_modules/@wdio/utils/build/shim.js:137:29)
                    at async Element.wrapCommandFn (/Users/Julian/Desktop/QA/TA-Bootcamp-E2E/node_modules/@wdio/utils/build/shim.js:137:29)
                    at async Element.elementErrorHandlerCallbackFn (/Users/Julian/Desktop/QA/TA-Bootcamp-E2E/node_modules/webdriverio/build/middlewares.js:24:32)
                    at async Element.wrapCommandFn (/Users/Julian/Desktop/QA/TA-Bootcamp-E2E/node_modules/@wdio/utils/build/shim.js:137:29)</stack-trace>
            </failure>
        </test-case>
        <test-case start='1669744753174' status='broken' stop='1669744753174'>
            <name>Then Check that at least one item appears</name>
            <title>Then Check that at least one item appears</title>
            <labels>
                <label name='language' value='javascript'/>
                <label name='framework' value='wdio'/>
                <label name='thread' value='0-0'/>
            </labels>
            <parameters>
                <parameter kind='argument' name='browser' value='chrome-107.0.5304.110'/>
            </parameters>
            <steps/>
            <attachments/>
            <failure>
                <message>Step "Check that at least one item appears" is not defined. You can ignore this error by setting cucumberOpts.ignoreUndefinedDefinitions as true.</message>
                <stack-trace>Step "Check that at least one item appears" is not defined. You can ignore this error by setting cucumberOpts.ignoreUndefinedDefinitions as true.
                	at Feature(/Users/Julian/Desktop/QA/TA-Bootcamp-E2E/features/bootcamp.feature):1:1
                	at Scenario(Search bar):7:3
                	at Step(Check that at least one item appears):9:5
                </stack-trace>
            </failure>
        </test-case>
        <test-case start='1669744753174' status='passed' stop='1669744753175'>
            <name></name>
            <title></title>
            <labels>
                <label name='language' value='javascript'/>
                <label name='framework' value='wdio'/>
                <label name='thread' value='0-0'/>
            </labels>
            <parameters>
                <parameter kind='argument' name='browser' value='chrome-107.0.5304.110'/>
            </parameters>
            <steps/>
            <attachments/>
        </test-case>
    </test-cases>
</ns2:test-suite>